insgesamt 256M
-rwxr-xr-x 1 root root  30K Mär  1 08:03 bcm2708-rpi-b.dtb
-rwxr-xr-x 1 root root  30K Mär  1 08:03 bcm2708-rpi-b-plus.dtb
-rwxr-xr-x 1 root root  30K Mär  1 08:03 bcm2708-rpi-b-rev1.dtb
-rwxr-xr-x 1 root root  30K Mär  1 08:03 bcm2708-rpi-cm.dtb
-rwxr-xr-x 1 root root  30K Mär  1 08:03 bcm2708-rpi-zero.dtb
-rwxr-xr-x 1 root root  32K Mär  1 08:03 bcm2708-rpi-zero-w.dtb
-rwxr-xr-x 1 root root  32K Mär  1 08:03 bcm2709-rpi-2-b.dtb
-rwxr-xr-x 1 root root  32K Mär  1 08:03 bcm2709-rpi-cm2.dtb
-rwxr-xr-x 1 root root  32K Mär  1 08:03 bcm2710-rpi-2-b.dtb
-rwxr-xr-x 1 root root  34K Mär  1 08:03 bcm2710-rpi-3-b.dtb
-rwxr-xr-x 1 root root  35K Mär  1 08:03 bcm2710-rpi-3-b-plus.dtb
-rwxr-xr-x 1 root root  32K Mär  1 08:03 bcm2710-rpi-cm3.dtb
-rwxr-xr-x 1 root root  33K Mär  1 08:03 bcm2710-rpi-zero-2.dtb
-rwxr-xr-x 1 root root  33K Mär  1 08:03 bcm2710-rpi-zero-2-w.dtb
-rwxr-xr-x 1 root root  55K Mär  1 08:03 bcm2711-rpi-400.dtb
-rwxr-xr-x 1 root root  55K Mär  1 08:03 bcm2711-rpi-4-b.dtb
-rwxr-xr-x 1 root root  56K Mär  1 08:03 bcm2711-rpi-cm4.dtb
-rwxr-xr-x 1 root root  39K Mär  1 08:03 bcm2711-rpi-cm4-io.dtb
-rwxr-xr-x 1 root root  53K Mär  1 08:03 bcm2711-rpi-cm4s.dtb
-rwxr-xr-x 1 root root  76K Mär  1 08:03 bcm2712d0-rpi-5-b.dtb
-rwxr-xr-x 1 root root  76K Mär  1 08:03 bcm2712-d-rpi-5-b.dtb
-rwxr-xr-x 1 root root  76K Mär  1 08:03 bcm2712-rpi-500.dtb
-rwxr-xr-x 1 root root  76K Mär  1 08:03 bcm2712-rpi-5-b.dtb
-rwxr-xr-x 1 root root  76K Mär  1 08:03 bcm2712-rpi-cm5-cm4io.dtb
-rwxr-xr-x 1 root root  76K Mär  1 08:03 bcm2712-rpi-cm5-cm5io.dtb
-rwxr-xr-x 1 root root  76K Mär  1 08:03 bcm2712-rpi-cm5l-cm4io.dtb
-rwxr-xr-x 1 root root  76K Mär  1 08:03 bcm2712-rpi-cm5l-cm5io.dtb
-rwxr-xr-x 1 root root  21K Mär  1 08:03 bcm2837-rpi-3-a-plus.dtb
-rwxr-xr-x 1 root root  21K Mär  1 08:03 bcm2837-rpi-3-b.dtb
-rwxr-xr-x 1 root root  21K Mär  1 08:03 bcm2837-rpi-3-b-plus.dtb
-rwxr-xr-x 1 root root  20K Mär  1 08:03 bcm2837-rpi-cm3-io3.dtb
-rwxr-xr-x 1 root root  21K Mär  1 08:03 bcm2837-rpi-zero-2-w.dtb
-rwxr-xr-x 1 root root  52K Mär  1 08:03 bootcode.bin
-rwxr-xr-x 1 root root 255M Mär  1 08:03 boot.vfat
-rwxr-xr-x 1 root root    0 Mär  1 08:03 cmdline2.txt
-rwxr-xr-x 1 root root    0 Mär  1 08:03 cmdline.txt
-rwxr-xr-x 1 root root    0 Mär  1 08:03 config.txt
-rwxr-xr-x 1 root root    0 Mär  1 08:03 COPYING.linux
-rwxr-xr-x 1 root root    0 Mär  1 08:03 fixup4cd.dat
-rwxr-xr-x 1 root root    0 Mär  1 08:03 fixup4.dat
-rwxr-xr-x 1 root root    0 Mär  1 08:03 fixup4db.dat
-rwxr-xr-x 1 root root    0 Mär  1 08:03 fixup4x.dat
-rwxr-xr-x 1 root root    0 Mär  1 08:03 fixup_cd.dat
-rwxr-xr-x 1 root root    0 Mär  1 08:03 fixup.dat
-rwxr-xr-x 1 root root    0 Mär  1 08:03 fixup_db.dat
-rwxr-xr-x 1 root root    0 Mär  1 08:03 fixup_x.dat
-rwxr-xr-x 1 root root    0 Mär  1 08:03 initramfs.gz
-rwxr-xr-x 1 root root    0 Mär  1 08:03 kernel_2712.img
-rwxr-xr-x 1 root root    0 Mär  1 08:03 kernel7.img
-rwxr-xr-x 1 root root    0 Mär  1 08:03 kernel7l.img
-rwxr-xr-x 1 root root    0 Mär  1 08:03 kernel8.img
-rwxr-xr-x 1 root root    0 Mär  1 08:03 kernel.img
-rwxr-xr-x 1 root root    0 Mär  1 08:03 LICENCE.broadcom
-rwxr-xr-x 1 root root    0 Mär  1 08:03 start4cd.elf
-rwxr-xr-x 1 root root    0 Mär  1 08:03 start4db.elf
-rwxr-xr-x 1 root root    0 Mär  1 08:03 start4.elf
-rwxr-xr-x 1 root root    0 Mär  1 08:03 start4x.elf
-rwxr-xr-x 1 root root    0 Mär  1 08:03 start_cd.elf
-rwxr-xr-x 1 root root    0 Mär  1 08:03 start_db.elf
-rwxr-xr-x 1 root root    0 Mär  1 08:03 start.elf
-rwxr-xr-x 1 root root    0 Mär  1 08:03 start_x.elf
insgesamt 256M
-rwxr-xr-x 1 root root  30K Mär  1 08:03 bcm2708-rpi-b.dtb
-rwxr-xr-x 1 root root  30K Mär  1 08:03 bcm2708-rpi-b-plus.dtb
-rwxr-xr-x 1 root root  30K Mär  1 08:03 bcm2708-rpi-b-rev1.dtb
-rwxr-xr-x 1 root root  30K Mär  1 08:03 bcm2708-rpi-cm.dtb
-rwxr-xr-x 1 root root  30K Mär  1 08:03 bcm2708-rpi-zero.dtb
-rwxr-xr-x 1 root root  32K Mär  1 08:03 bcm2708-rpi-zero-w.dtb
-rwxr-xr-x 1 root root  32K Mär  1 08:03 bcm2709-rpi-2-b.dtb
-rwxr-xr-x 1 root root  32K Mär  1 08:03 bcm2709-rpi-cm2.dtb
-rwxr-xr-x 1 root root  32K Mär  1 08:03 bcm2710-rpi-2-b.dtb
-rwxr-xr-x 1 root root  34K Mär  1 08:03 bcm2710-rpi-3-b.dtb
-rwxr-xr-x 1 root root  35K Mär  1 08:03 bcm2710-rpi-3-b-plus.dtb
-rwxr-xr-x 1 root root  32K Mär  1 08:03 bcm2710-rpi-cm3.dtb
-rwxr-xr-x 1 root root  33K Mär  1 08:03 bcm2710-rpi-zero-2.dtb
-rwxr-xr-x 1 root root  33K Mär  1 08:03 bcm2710-rpi-zero-2-w.dtb
-rwxr-xr-x 1 root root  55K Mär  1 08:03 bcm2711-rpi-400.dtb
-rwxr-xr-x 1 root root  55K Mär  1 08:03 bcm2711-rpi-4-b.dtb
-rwxr-xr-x 1 root root  56K Mär  1 08:03 bcm2711-rpi-cm4.dtb
-rwxr-xr-x 1 root root  39K Mär  1 08:03 bcm2711-rpi-cm4-io.dtb
-rwxr-xr-x 1 root root  53K Mär  1 08:03 bcm2711-rpi-cm4s.dtb
-rwxr-xr-x 1 root root  76K Mär  1 08:03 bcm2712d0-rpi-5-b.dtb
-rwxr-xr-x 1 root root  76K Mär  1 08:03 bcm2712-d-rpi-5-b.dtb
-rwxr-xr-x 1 root root  76K Mär  1 08:03 bcm2712-rpi-500.dtb
-rwxr-xr-x 1 root root  76K Mär  1 08:03 bcm2712-rpi-5-b.dtb
-rwxr-xr-x 1 root root  76K Mär  1 08:03 bcm2712-rpi-cm5-cm4io.dtb
-rwxr-xr-x 1 root root  76K Mär  1 08:03 bcm2712-rpi-cm5-cm5io.dtb
-rwxr-xr-x 1 root root  76K Mär  1 08:03 bcm2712-rpi-cm5l-cm4io.dtb
-rwxr-xr-x 1 root root  76K Mär  1 08:03 bcm2712-rpi-cm5l-cm5io.dtb
-rwxr-xr-x 1 root root  21K Mär  1 08:03 bcm2837-rpi-3-a-plus.dtb
-rwxr-xr-x 1 root root  21K Mär  1 08:03 bcm2837-rpi-3-b.dtb
-rwxr-xr-x 1 root root  21K Mär  1 08:03 bcm2837-rpi-3-b-plus.dtb
-rwxr-xr-x 1 root root  20K Mär  1 08:03 bcm2837-rpi-cm3-io3.dtb
-rwxr-xr-x 1 root root  21K Mär  1 08:03 bcm2837-rpi-zero-2-w.dtb
-rwxr-xr-x 1 root root  52K Mär  1 08:03 bootcode.bin
-rwxr-xr-x 1 root root 255M Mär  1 08:03 boot.vfat
-rwxr-xr-x 1 root root    0 Mär  1 08:03 cmdline2.txt
-rwxr-xr-x 1 root root    0 Mär  1 08:03 cmdline.txt
-rwxr-xr-x 1 root root    0 Mär  1 08:03 config.txt
-rwxr-xr-x 1 root root    0 Mär  1 08:03 COPYING.linux
-rwxr-xr-x 1 root root    0 Mär  1 08:03 fixup4cd.dat
-rwxr-xr-x 1 root root    0 Mär  1 08:03 fixup4.dat
-rwxr-xr-x 1 root root    0 Mär  1 08:03 fixup4db.dat
-rwxr-xr-x 1 root root    0 Mär  1 08:03 fixup4x.dat
-rwxr-xr-x 1 root root    0 Mär  1 08:03 fixup_cd.dat
-rwxr-xr-x 1 root root    0 Mär  1 08:03 fixup.dat
-rwxr-xr-x 1 root root    0 Mär  1 08:03 fixup_db.dat
-rwxr-xr-x 1 root root    0 Mär  1 08:03 fixup_x.dat
-rwxr-xr-x 1 root root    0 Mär  1 08:03 initramfs.gz
-rwxr-xr-x 1 root root    0 Mär  1 08:03 kernel_2712.img
-rwxr-xr-x 1 root root    0 Mär  1 08:03 kernel7.img
-rwxr-xr-x 1 root root    0 Mär  1 08:03 kernel7l.img
-rwxr-xr-x 1 root root    0 Mär  1 08:03 kernel8.img
-rwxr-xr-x 1 root root    0 Mär  1 08:03 kernel.img
-rwxr-xr-x 1 root root    0 Mär  1 08:03 LICENCE.broadcom
-rwxr-xr-x 1 root root    0 Mär  1 08:03 start4cd.elf
-rwxr-xr-x 1 root root    0 Mär  1 08:03 start4db.elf
-rwxr-xr-x 1 root root    0 Mär  1 08:03 start4.elf
-rwxr-xr-x 1 root root    0 Mär  1 08:03 start4x.elf
-rwxr-xr-x 1 root root    0 Mär  1 08:03 start_cd.elf
-rwxr-xr-x 1 root root    0 Mär  1 08:03 start_db.elf
-rwxr-xr-x 1 root root    0 Mär  1 08:03 start.elf
-rwxr-xr-x 1 root root    0 Mär  1 08:03 start_x.elf
